sample.interval=20000
"gc" "system.time" 
"gc" "system.time" 
"array" "getRasterData" "readGDAL" "system.time" 
"array" "getRasterData" "readGDAL" "system.time" 
"array" "getRasterData" "readGDAL" "system.time" 
"array" "getRasterData" "readGDAL" "system.time" 
"array" "getRasterData" "readGDAL" "system.time" 
".Call" "getRasterData" "readGDAL" "system.time" 
".Call" "getRasterData" "readGDAL" "system.time" 
".Call" "getRasterData" "readGDAL" "system.time" 
"gc" "GDAL.close" "readGDAL" "system.time" 
"gc" "GDAL.close" "readGDAL" "system.time" 
"gc" "GDAL.close" "readGDAL" "system.time" 
"data.frame" "eval" "eval" "as.data.frame.list" "as.data.frame" "data.frame" "SpatialGridDataFrame" "readGDAL" "system.time" 
"data.frame" "eval" "eval" "as.data.frame.list" "as.data.frame" "data.frame" "SpatialGridDataFrame" "readGDAL" "system.time" 
"lazyLoadDBfetch" "as.data.frame" "data.frame" "eval" "eval" "as.data.frame.list" "as.data.frame" "data.frame" "SpatialGridDataFrame" "readGDAL" "system.time" 
"as.data.frame.integer" "as.data.frame" "data.frame" "eval" "eval" "as.data.frame.list" "as.data.frame" "data.frame" "SpatialGridDataFrame" "readGDAL" "system.time" 
"as.data.frame.integer" "as.data.frame" "data.frame" "eval" "eval" "as.data.frame.list" "as.data.frame" "data.frame" "SpatialGridDataFrame" "readGDAL" "system.time" 
"unlist" "data.frame" "eval" "eval" "as.data.frame.list" "as.data.frame" "data.frame" "SpatialGridDataFrame" "readGDAL" "system.time" 
"unlist" "data.frame" "eval" "eval" "as.data.frame.list" "as.data.frame" "data.frame" "SpatialGridDataFrame" "readGDAL" "system.time" 
"data.frame" "eval" "eval" "as.data.frame.list" "as.data.frame" "data.frame" "SpatialGridDataFrame" "readGDAL" "system.time" 
"data.frame" "eval" "eval" "as.data.frame.list" "as.data.frame" "data.frame" "SpatialGridDataFrame" "readGDAL" "system.time" 
"data.frame" "eval" "eval" "as.data.frame.list" "as.data.frame" "data.frame" "SpatialGridDataFrame" "readGDAL" "system.time" 
"unlist" "data.frame" "SpatialGridDataFrame" "readGDAL" "system.time" 
"unlist" "data.frame" "SpatialGridDataFrame" "readGDAL" "system.time" 
"array" "getRasterData" "readGDAL" "system.time" 
"array" "getRasterData" "readGDAL" "system.time" 
"array" "getRasterData" "readGDAL" "system.time" 
"getRasterData" "readGDAL" "system.time" 
"gc" "GDAL.close" "readGDAL" "system.time" 
"gc" "GDAL.close" "readGDAL" "system.time" 
"unlist" "data.frame" "eval" "eval" "as.data.frame.list" "as.data.frame" "data.frame" "SpatialGridDataFrame" "readGDAL" "system.time" 
"data.frame" "SpatialGridDataFrame" "readGDAL" "system.time" 
"data.frame" "SpatialGridDataFrame" "readGDAL" "system.time" 
"array" "getRasterData" "readGDAL" "system.time" 
"array" "getRasterData" "readGDAL" "system.time" 
"array" "getRasterData" "readGDAL" "system.time" 
"getRasterData" "readGDAL" "system.time" 
"gc" "GDAL.close" "readGDAL" "system.time" 
"gc" "GDAL.close" "readGDAL" "system.time" 
"data.frame" "eval" "eval" "as.data.frame.list" "as.data.frame" "data.frame" "SpatialGridDataFrame" "readGDAL" "system.time" 
"data.frame" "eval" "eval" "as.data.frame.list" "as.data.frame" "data.frame" "SpatialGridDataFrame" "readGDAL" "system.time" 
"data.frame" "eval" "eval" "as.data.frame.list" "as.data.frame" "data.frame" "SpatialGridDataFrame" "readGDAL" "system.time" 
".Call" ".local" "initialize" "initialize" "new" "GDAL.open" "readGDAL" "system.time" 
"getRasterData" "readGDAL" "system.time" 
"getRasterData" "readGDAL" "system.time" 
"getRasterData" "readGDAL" "system.time" 
"gc" "GDAL.close" "readGDAL" "system.time" 
"gc" "GDAL.close" "readGDAL" "system.time" 
"deparse" "paste" "force" "as.data.frame.integer" "as.data.frame" "data.frame" "eval" "eval" "as.data.frame.list" "as.data.frame" "data.frame" "SpatialGridDataFrame" "readGDAL" "system.time" 
".Call" ".local" "initialize" "initialize" "new" "GDAL.open" "readGDAL" "system.time" 
".Call" "getRasterData" "readGDAL" "system.time" 
".Call" "getRasterData" "readGDAL" "system.time" 
"getRasterData" "readGDAL" "system.time" 
"gc" "GDAL.close" "readGDAL" "system.time" 
"gc" "GDAL.close" "readGDAL" "system.time" 
"eval" "as.data.frame.list" "as.data.frame" "data.frame" "SpatialGridDataFrame" "readGDAL" "system.time" 
"data.frame" "SpatialGridDataFrame" "readGDAL" "system.time" 
".Call" "getRasterData" "readGDAL" "system.time" 
".Call" "getRasterData" "readGDAL" "system.time" 
".Call" "getRasterData" "readGDAL" "system.time" 
"gc" "GDAL.close" "readGDAL" "system.time" 
"gc" "GDAL.close" "readGDAL" "system.time" 
"eval" "as.data.frame.list" "as.data.frame" "data.frame" "SpatialGridDataFrame" "readGDAL" "system.time" 
"unlist" "data.frame" "SpatialGridDataFrame" "readGDAL" "system.time" 
"unlist" "data.frame" "SpatialGridDataFrame" "readGDAL" "system.time" 
"data.frame" "SpatialGridDataFrame" "readGDAL" "system.time" 
"getRasterData" "readGDAL" "system.time" 
"drop" "getRasterData" "readGDAL" "system.time" 
"drop" "getRasterData" "readGDAL" "system.time" 
"gc" "GDAL.close" "readGDAL" "system.time" 
"gc" "GDAL.close" "readGDAL" "system.time" 
"as.vector" "readGDAL" "system.time" 
"data.frame" "eval" "eval" "as.data.frame.list" "as.data.frame" "data.frame" "SpatialGridDataFrame" "readGDAL" "system.time" 
"data.frame" "eval" "eval" "as.data.frame.list" "as.data.frame" "data.frame" "SpatialGridDataFrame" "readGDAL" "system.time" 
"data.frame" "eval" "eval" "as.data.frame.list" "as.data.frame" "data.frame" "SpatialGridDataFrame" "readGDAL" "system.time" 
"data.frame" "SpatialGridDataFrame" "readGDAL" "system.time" 
"data.frame" "SpatialGridDataFrame" "readGDAL" "system.time" 
"array" "getRasterData" "readGDAL" "system.time" 
"getRasterData" "readGDAL" "system.time" 
"getRasterData" "readGDAL" "system.time" 
"getRasterData" "readGDAL" "system.time" 
"gc" "GDAL.close" "readGDAL" "system.time" 
"gc" "GDAL.close" "readGDAL" "system.time" 
"unlist" "data.frame" "eval" "eval" "as.data.frame.list" "as.data.frame" "data.frame" "SpatialGridDataFrame" "readGDAL" "system.time" 
"array" "getRasterData" "readGDAL" "system.time" 
".Call" "getRasterData" "readGDAL" "system.time" 
".Call" "getRasterData" "readGDAL" "system.time" 
"getRasterData" "readGDAL" "system.time" 
"gc" "GDAL.close" "readGDAL" "system.time" 
"gc" "GDAL.close" "readGDAL" "system.time" 
"unlist" "data.frame" "eval" "eval" "as.data.frame.list" "as.data.frame" "data.frame" "SpatialGridDataFrame" "readGDAL" "system.time" 
"unlist" "data.frame" "SpatialGridDataFrame" "readGDAL" "system.time" 
"unlist" "data.frame" "SpatialGridDataFrame" "readGDAL" "system.time" 
"array" "getRasterData" "readGDAL" "system.time" 
"getRasterData" "readGDAL" "system.time" 
"drop" "getRasterData" "readGDAL" "system.time" 
"drop" "getRasterData" "readGDAL" "system.time" 
"gc" "GDAL.close" "readGDAL" "system.time" 
"gc" "GDAL.close" "readGDAL" "system.time" 
"as.data.frame.integer" "as.data.frame" "data.frame" "eval" "eval" "as.data.frame.list" "as.data.frame" "data.frame" "SpatialGridDataFrame" "readGDAL" "system.time" 
"data.frame" "eval" "eval" "as.data.frame.list" "as.data.frame" "data.frame" "SpatialGridDataFrame" "readGDAL" "system.time" 
"data.frame" "eval" "eval" "as.data.frame.list" "as.data.frame" "data.frame" "SpatialGridDataFrame" "readGDAL" "system.time" 
"data.frame" "SpatialGridDataFrame" "readGDAL" "system.time" 
"data.frame" "SpatialGridDataFrame" "readGDAL" "system.time" 
"data.frame" "SpatialGridDataFrame" "readGDAL" "system.time" 
"getRasterData" "readGDAL" "system.time" 
"getRasterData" "readGDAL" "system.time" 
"getRasterData" "readGDAL" "system.time" 
"gc" "GDAL.close" "readGDAL" "system.time" 
"gc" "GDAL.close" "readGDAL" "system.time" 
"checkSlotAssignment" "slot<-" "SpatialGrid" "SpatialGridDataFrame" "readGDAL" "system.time" 
"data.frame" "SpatialGridDataFrame" "readGDAL" "system.time" 
".Call" "getRasterData" "readGDAL" "system.time" 
".Call" "getRasterData" "readGDAL" "system.time" 
".Call" "getRasterData" "readGDAL" "system.time" 
"gc" "GDAL.close" "readGDAL" "system.time" 
"gc" "GDAL.close" "readGDAL" "system.time" 
"getClass" "initialize" "initialize" "new" "CRS" "SpatialGrid" "SpatialGridDataFrame" "readGDAL" "system.time" 
"data.frame" "eval" "eval" "as.data.frame.list" "as.data.frame" "data.frame" "SpatialGridDataFrame" "readGDAL" "system.time" 
"data.frame" "eval" "eval" "as.data.frame.list" "as.data.frame" "data.frame" "SpatialGridDataFrame" "readGDAL" "system.time" 
"make.names" "data.frame" "SpatialGridDataFrame" "readGDAL" "system.time" 
"array" "getRasterData" "readGDAL" "system.time" 
"array" "getRasterData" "readGDAL" "system.time" 
"array" "getRasterData" "readGDAL" "system.time" 
"gc" "GDAL.close" "readGDAL" "system.time" 
"gc" "GDAL.close" "readGDAL" "system.time" 
"array" "apply" "t" ".bboxCoords" "SpatialPoints" "boguspoints" "SpatialGrid" "SpatialGridDataFrame" "readGDAL" "system.time" 
"data.frame" "eval" "eval" "as.data.frame.list" "as.data.frame" "data.frame" "SpatialGridDataFrame" "readGDAL" "system.time" 
"data.frame" "eval" "eval" "as.data.frame.list" "as.data.frame" "data.frame" "SpatialGridDataFrame" "readGDAL" "system.time" 
"data.frame" "SpatialGridDataFrame" "readGDAL" "system.time" 
"data.frame" "SpatialGridDataFrame" "readGDAL" "system.time" 
"data.frame" "SpatialGridDataFrame" "readGDAL" "system.time" 
".Call" "getRasterData" "readGDAL" "system.time" 
"getRasterData" "readGDAL" "system.time" 
"getRasterData" "readGDAL" "system.time" 
"drop" "getRasterData" "readGDAL" "system.time" 
"gc" "GDAL.close" "readGDAL" "system.time" 
"gc" "GDAL.close" "readGDAL" "system.time" 
"data.frame" "eval" "eval" "as.data.frame.list" "as.data.frame" "data.frame" "SpatialGridDataFrame" "readGDAL" "system.time" 
"array" "getRasterData" "readGDAL" "system.time" 
".Call" "getRasterData" "readGDAL" "system.time" 
".Call" "getRasterData" "readGDAL" "system.time" 
"getRasterData" "readGDAL" "system.time" 
"gc" "GDAL.close" "readGDAL" "system.time" 
"gc" "GDAL.close" "readGDAL" "system.time" 
"data.frame" "eval" "eval" "as.data.frame.list" "as.data.frame" "data.frame" "SpatialGridDataFrame" "readGDAL" "system.time" 
"array" "getRasterData" "readGDAL" "system.time" 
"array" "getRasterData" "readGDAL" "system.time" 
"array" "getRasterData" "readGDAL" "system.time" 
"gc" "GDAL.close" "readGDAL" "system.time" 
"gc" "GDAL.close" "readGDAL" "system.time" 
"gc" "GDAL.close" "readGDAL" "system.time" 
"data.frame" "eval" "eval" "as.data.frame.list" "as.data.frame" "data.frame" "SpatialGridDataFrame" "readGDAL" "system.time" 
"array" "getRasterData" "readGDAL" "system.time" 
".Call" "getRasterData" "readGDAL" "system.time" 
".Call" "getRasterData" "readGDAL" "system.time" 
"drop" "getRasterData" "readGDAL" "system.time" 
"gc" "GDAL.close" "readGDAL" "system.time" 
"gc" "GDAL.close" "readGDAL" "system.time" 
"data.frame" "eval" "eval" "as.data.frame.list" "as.data.frame" "data.frame" "SpatialGridDataFrame" "readGDAL" "system.time" 
"array" "getRasterData" "readGDAL" "system.time" 
".Call" "getRasterData" "readGDAL" "system.time" 
".Call" "getRasterData" "readGDAL" "system.time" 
"getRasterData" "readGDAL" "system.time" 
"gc" "GDAL.close" "readGDAL" "system.time" 
"gc" "GDAL.close" "readGDAL" "system.time" 
"data.frame" "eval" "eval" "as.data.frame.list" "as.data.frame" "data.frame" "SpatialGridDataFrame" "readGDAL" "system.time" 
"array" "getRasterData" "readGDAL" "system.time" 
"array" "getRasterData" "readGDAL" "system.time" 
"array" "getRasterData" "readGDAL" "system.time" 
"gc" "GDAL.close" "readGDAL" "system.time" 
"gc" "GDAL.close" "readGDAL" "system.time" 
"gc" "GDAL.close" "readGDAL" "system.time" 
"data.frame" "eval" "eval" "as.data.frame.list" "as.data.frame" "data.frame" "SpatialGridDataFrame" "readGDAL" "system.time" 
"array" "getRasterData" "readGDAL" "system.time" 
".Call" "getRasterData" "readGDAL" "system.time" 
".Call" "getRasterData" "readGDAL" "system.time" 
"gc" "GDAL.close" "readGDAL" "system.time" 
"gc" "GDAL.close" "readGDAL" "system.time" 
"gc" "GDAL.close" "readGDAL" "system.time" 
"data.frame" "eval" "eval" "as.data.frame.list" "as.data.frame" "data.frame" "SpatialGridDataFrame" "readGDAL" "system.time" 
"array" "getRasterData" "readGDAL" "system.time" 
".Call" "getRasterData" "readGDAL" "system.time" 
".Call" "getRasterData" "readGDAL" "system.time" 
"getRasterData" "readGDAL" "system.time" 
"gc" "GDAL.close" "readGDAL" "system.time" 
"gc" "GDAL.close" "readGDAL" "system.time" 
"data.frame" "eval" "eval" "as.data.frame.list" "as.data.frame" "data.frame" "SpatialGridDataFrame" "readGDAL" "system.time" 
"array" "getRasterData" "readGDAL" "system.time" 
"array" "getRasterData" "readGDAL" "system.time" 
"array" "getRasterData" "readGDAL" "system.time" 
"gc" "GDAL.close" "readGDAL" "system.time" 
"gc" "GDAL.close" "readGDAL" "system.time" 
"gc" "GDAL.close" "readGDAL" "system.time" 
"data.frame" "eval" "eval" "as.data.frame.list" "as.data.frame" "data.frame" "SpatialGridDataFrame" "readGDAL" "system.time" 
"array" "getRasterData" "readGDAL" "system.time" 
".Call" "getRasterData" "readGDAL" "system.time" 
".Call" "getRasterData" "readGDAL" "system.time" 
"gc" "GDAL.close" "readGDAL" "system.time" 
"gc" "GDAL.close" "readGDAL" "system.time" 
"gc" "GDAL.close" "readGDAL" "system.time" 
"data.frame" "eval" "eval" "as.data.frame.list" "as.data.frame" "data.frame" "SpatialGridDataFrame" "readGDAL" "system.time" 
"array" "getRasterData" "readGDAL" "system.time" 
".Call" "getRasterData" "readGDAL" "system.time" 
".Call" "getRasterData" "readGDAL" "system.time" 
"getRasterData" "readGDAL" "system.time" 
"gc" "GDAL.close" "readGDAL" "system.time" 
"gc" "GDAL.close" "readGDAL" "system.time" 
"data.frame" "eval" "eval" "as.data.frame.list" "as.data.frame" "data.frame" "SpatialGridDataFrame" "readGDAL" "system.time" 
"array" "getRasterData" "readGDAL" "system.time" 
"array" "getRasterData" "readGDAL" "system.time" 
"array" "getRasterData" "readGDAL" "system.time" 
"gc" "GDAL.close" "readGDAL" "system.time" 
"gc" "GDAL.close" "readGDAL" "system.time" 
"gc" "GDAL.close" "readGDAL" "system.time" 
"eval" "as.data.frame.list" "as.data.frame" "data.frame" "SpatialGridDataFrame" "readGDAL" "system.time" 
"unlist" "data.frame" "SpatialGridDataFrame" "readGDAL" "system.time" 
"array" "getRasterData" "readGDAL" "system.time" 
".Call" "getRasterData" "readGDAL" "system.time" 
".Call" "getRasterData" "readGDAL" "system.time" 
"getRasterData" "readGDAL" "system.time" 
"gc" "GDAL.close" "readGDAL" "system.time" 
"gc" "GDAL.close" "readGDAL" "system.time" 
"data.frame" "eval" "eval" "as.data.frame.list" "as.data.frame" "data.frame" "SpatialGridDataFrame" "readGDAL" "system.time" 
"array" "getRasterData" "readGDAL" "system.time" 
".Call" "getRasterData" "readGDAL" "system.time" 
".Call" "getRasterData" "readGDAL" "system.time" 
"getRasterData" "readGDAL" "system.time" 
"gc" "GDAL.close" "readGDAL" "system.time" 
"gc" "GDAL.close" "readGDAL" "system.time" 
"unlist" "data.frame" "eval" "eval" "as.data.frame.list" "as.data.frame" "data.frame" "SpatialGridDataFrame" "readGDAL" "system.time" 
"array" "getRasterData" "readGDAL" "system.time" 
"array" "getRasterData" "readGDAL" "system.time" 
"array" "getRasterData" "readGDAL" "system.time" 
"getRasterData" "readGDAL" "system.time" 
"gc" "GDAL.close" "readGDAL" "system.time" 
"gc" "GDAL.close" "readGDAL" "system.time" 
"data.frame" "eval" "eval" "as.data.frame.list" "as.data.frame" "data.frame" "SpatialGridDataFrame" "readGDAL" "system.time" 
"array" "getRasterData" "readGDAL" "system.time" 
".Call" "getRasterData" "readGDAL" "system.time" 
".Call" "getRasterData" "readGDAL" "system.time" 
"getRasterData" "readGDAL" "system.time" 
"gc" "GDAL.close" "readGDAL" "system.time" 
"gc" "GDAL.close" "readGDAL" "system.time" 
"as.data.frame.integer" "as.data.frame" "data.frame" "eval" "eval" "as.data.frame.list" "as.data.frame" "data.frame" "SpatialGridDataFrame" "readGDAL" "system.time" 
"rev.default" "rev" "array" "getRasterData" "readGDAL" "system.time" 
".Call" "getRasterData" "readGDAL" "system.time" 
".Call" "getRasterData" "readGDAL" "system.time" 
"getRasterData" "readGDAL" "system.time" 
"gc" "GDAL.close" "readGDAL" "system.time" 
"gc" "GDAL.close" "readGDAL" "system.time" 
"as.data.frame.integer" "as.data.frame" "data.frame" "eval" "eval" "as.data.frame.list" "as.data.frame" "data.frame" "SpatialGridDataFrame" "readGDAL" "system.time" 
".Call" "readGDAL" "system.time" 
"array" "getRasterData" "readGDAL" "system.time" 
"array" "getRasterData" "readGDAL" "system.time" 
"getRasterData" "readGDAL" "system.time" 
"gc" "GDAL.close" "readGDAL" "system.time" 
"gc" "GDAL.close" "readGDAL" "system.time" 
"as.data.frame.integer" "as.data.frame" "data.frame" "eval" "eval" "as.data.frame.list" "as.data.frame" "data.frame" "SpatialGridDataFrame" "readGDAL" "system.time" 
"slot<-" ".local" "initialize" "initialize" "new" "GDAL.open" "readGDAL" "system.time" 
".Call" "getRasterData" "readGDAL" "system.time" 
".Call" "getRasterData" "readGDAL" "system.time" 
"getRasterData" "readGDAL" "system.time" 
"gc" "GDAL.close" "readGDAL" "system.time" 
"gc" "GDAL.close" "readGDAL" "system.time" 
"data.frame" "eval" "eval" "as.data.frame.list" "as.data.frame" "data.frame" "SpatialGridDataFrame" "readGDAL" "system.time" 
"unlist" "data.frame" "SpatialGridDataFrame" "readGDAL" "system.time" 
"unlist" "data.frame" "SpatialGridDataFrame" "readGDAL" "system.time" 
"data.frame" "SpatialGridDataFrame" "readGDAL" "system.time" 
"getRasterData" "readGDAL" "system.time" 
"drop" "getRasterData" "readGDAL" "system.time" 
"drop" "getRasterData" "readGDAL" "system.time" 
"gc" "GDAL.close" "readGDAL" "system.time" 
"gc" "GDAL.close" "readGDAL" "system.time" 
"as.vector" "readGDAL" "system.time" 
"data.frame" "eval" "eval" "as.data.frame.list" "as.data.frame" "data.frame" "SpatialGridDataFrame" "readGDAL" "system.time" 
"data.frame" "eval" "eval" "as.data.frame.list" "as.data.frame" "data.frame" "SpatialGridDataFrame" "readGDAL" "system.time" 
"data.frame" "eval" "eval" "as.data.frame.list" "as.data.frame" "data.frame" "SpatialGridDataFrame" "readGDAL" "system.time" 
"data.frame" "SpatialGridDataFrame" "readGDAL" "system.time" 
"data.frame" "SpatialGridDataFrame" "readGDAL" "system.time" 
"array" "getRasterData" "readGDAL" "system.time" 
".Call" "getRasterData" "readGDAL" "system.time" 
".Call" "getRasterData" "readGDAL" "system.time" 
"getRasterData" "readGDAL" "system.time" 
"gc" "GDAL.close" "readGDAL" "system.time" 
"gc" "GDAL.close" "readGDAL" "system.time" 
"data.frame" "eval" "eval" "as.data.frame.list" "as.data.frame" "data.frame" "SpatialGridDataFrame" "readGDAL" "system.time" 
"array" "getRasterData" "readGDAL" "system.time" 
".Call" "getRasterData" "readGDAL" "system.time" 
".Call" "getRasterData" "readGDAL" "system.time" 
"getRasterData" "readGDAL" "system.time" 
"gc" "GDAL.close" "readGDAL" "system.time" 
"gc" "GDAL.close" "readGDAL" "system.time" 
"data.frame" "eval" "eval" "as.data.frame.list" "as.data.frame" "data.frame" "SpatialGridDataFrame" "readGDAL" "system.time" 
"array" "getRasterData" "readGDAL" "system.time" 
".Call" "getRasterData" "readGDAL" "system.time" 
".Call" "getRasterData" "readGDAL" "system.time" 
"getRasterData" "readGDAL" "system.time" 
"gc" "GDAL.close" "readGDAL" "system.time" 
"gc" "GDAL.close" "readGDAL" "system.time" 
"data.frame" "eval" "eval" "as.data.frame.list" "as.data.frame" "data.frame" "SpatialGridDataFrame" "readGDAL" "system.time" 
"array" "getRasterData" "readGDAL" "system.time" 
"array" "getRasterData" "readGDAL" "system.time" 
"array" "getRasterData" "readGDAL" "system.time" 
"getRasterData" "readGDAL" "system.time" 
"gc" "GDAL.close" "readGDAL" "system.time" 
"gc" "GDAL.close" "readGDAL" "system.time" 
"data.frame" "eval" "eval" "as.data.frame.list" "as.data.frame" "data.frame" "SpatialGridDataFrame" "readGDAL" "system.time" 
"array" "getRasterData" "readGDAL" "system.time" 
".Call" "getRasterData" "readGDAL" "system.time" 
".Call" "getRasterData" "readGDAL" "system.time" 
"getRasterData" "readGDAL" "system.time" 
"gc" "GDAL.close" "readGDAL" "system.time" 
"gc" "GDAL.close" "readGDAL" "system.time" 
"as.data.frame.integer" "as.data.frame" "data.frame" "eval" "eval" "as.data.frame.list" "as.data.frame" "data.frame" "SpatialGridDataFrame" "readGDAL" "system.time" 
".getClassFromCache" "getClass" "new" "GDAL.open" "readGDAL" "system.time" 
".Call" "getRasterData" "readGDAL" "system.time" 
".Call" "getRasterData" "readGDAL" "system.time" 
"getRasterData" "readGDAL" "system.time" 
"gc" "GDAL.close" "readGDAL" "system.time" 
"gc" "GDAL.close" "readGDAL" "system.time" 
"match" "%in%" "deparse" "paste" "force" "as.data.frame.integer" "as.data.frame" "data.frame" "eval" "eval" "as.data.frame.list" "as.data.frame" "data.frame" "SpatialGridDataFrame" "readGDAL" "system.time" 
"readGDAL" "system.time" 
"array" "getRasterData" "readGDAL" "system.time" 
"array" "getRasterData" "readGDAL" "system.time" 
"getRasterData" "readGDAL" "system.time" 
"gc" "GDAL.close" "readGDAL" "system.time" 
"gc" "GDAL.close" "readGDAL" "system.time" 
"data.frame" "eval" "eval" "as.data.frame.list" "as.data.frame" "data.frame" "SpatialGridDataFrame" "readGDAL" "system.time" 
"slot<-" "SpatialGridDataFrame" "readGDAL" "system.time" 
".Call" "getRasterData" "readGDAL" "system.time" 
".Call" "getRasterData" "readGDAL" "system.time" 
".Call" "getRasterData" "readGDAL" "system.time" 
"gc" "GDAL.close" "readGDAL" "system.time" 
"gc" "GDAL.close" "readGDAL" "system.time" 
"eval" "as.data.frame.list" "as.data.frame" "data.frame" "SpatialGridDataFrame" "readGDAL" "system.time" 
"system.file" "nchar" "readGDAL" "system.time" 
".Call" "getRasterData" "readGDAL" "system.time" 
".Call" "getRasterData" "readGDAL" "system.time" 
".Call" "getRasterData" "readGDAL" "system.time" 
"gc" "GDAL.close" "readGDAL" "system.time" 
"gc" "GDAL.close" "readGDAL" "system.time" 
"data.frame" "SpatialGridDataFrame" "readGDAL" "system.time" 
"unlist" "data.frame" "SpatialGridDataFrame" "readGDAL" "system.time" 
"unlist" "data.frame" "SpatialGridDataFrame" "readGDAL" "system.time" 
"unlist" "data.frame" "SpatialGridDataFrame" "readGDAL" "system.time" 
".Call" "getRasterData" "readGDAL" "system.time" 
".Call" "getRasterData" "readGDAL" "system.time" 
".Call" "getRasterData" "readGDAL" "system.time" 
"gc" "GDAL.close" "readGDAL" "system.time" 
"gc" "GDAL.close" "readGDAL" "system.time" 
"as.vector" "readGDAL" "system.time" 
"data.frame" "eval" "eval" "as.data.frame.list" "as.data.frame" "data.frame" "SpatialGridDataFrame" "readGDAL" "system.time" 
"data.frame" "eval" "eval" "as.data.frame.list" "as.data.frame" "data.frame" "SpatialGridDataFrame" "readGDAL" "system.time" 
"data.frame" "eval" "eval" "as.data.frame.list" "as.data.frame" "data.frame" "SpatialGridDataFrame" "readGDAL" "system.time" 
"data.frame" "SpatialGridDataFrame" "readGDAL" "system.time" 
"data.frame" "SpatialGridDataFrame" "readGDAL" "system.time" 
"array" "getRasterData" "readGDAL" "system.time" 
"getRasterData" "readGDAL" "system.time" 
"getRasterData" "readGDAL" "system.time" 
"getRasterData" "readGDAL" "system.time" 
"gc" "GDAL.close" "readGDAL" "system.time" 
"gc" "GDAL.close" "readGDAL" "system.time" 
"unlist" "data.frame" "eval" "eval" "as.data.frame.list" "as.data.frame" "data.frame" "SpatialGridDataFrame" "readGDAL" "system.time" 
"array" "getRasterData" "readGDAL" "system.time" 
".Call" "getRasterData" "readGDAL" "system.time" 
".Call" "getRasterData" "readGDAL" "system.time" 
"getRasterData" "readGDAL" "system.time" 
"gc" "GDAL.close" "readGDAL" "system.time" 
"gc" "GDAL.close" "readGDAL" "system.time" 
"unlist" "data.frame" "eval" "eval" "as.data.frame.list" "as.data.frame" "data.frame" "SpatialGridDataFrame" "readGDAL" "system.time" 
"array" "getRasterData" "readGDAL" "system.time" 
"array" "getRasterData" "readGDAL" "system.time" 
"array" "getRasterData" "readGDAL" "system.time" 
"getRasterData" "readGDAL" "system.time" 
"gc" "GDAL.close" "readGDAL" "system.time" 
"gc" "GDAL.close" "readGDAL" "system.time" 
"unlist" "data.frame" "eval" "eval" "as.data.frame.list" "as.data.frame" "data.frame" "SpatialGridDataFrame" "readGDAL" "system.time" 
"array" "getRasterData" "readGDAL" "system.time" 
".Call" "getRasterData" "readGDAL" "system.time" 
".Call" "getRasterData" "readGDAL" "system.time" 
"getRasterData" "readGDAL" "system.time" 
"gc" "GDAL.close" "readGDAL" "system.time" 
"gc" "GDAL.close" "readGDAL" "system.time" 
"as.data.frame.integer" "as.data.frame" "data.frame" "eval" "eval" "as.data.frame.list" "as.data.frame" "data.frame" "SpatialGridDataFrame" "readGDAL" "system.time" 
"getNamespace" ".requirePackage" ".classEnv" "validObject" "initialize" "initialize" "new" "GridTopology" "readGDAL" "system.time" 
".Call" "getRasterData" "readGDAL" "system.time" 
".Call" "getRasterData" "readGDAL" "system.time" 
"getRasterData" "readGDAL" "system.time" 
"gc" "GDAL.close" "readGDAL" "system.time" 
"gc" "GDAL.close" "readGDAL" "system.time" 
"as.data.frame.integer" "as.data.frame" "data.frame" "eval" "eval" "as.data.frame.list" "as.data.frame" "data.frame" "SpatialGridDataFrame" "readGDAL" "system.time" 
"array" "getRasterData" "readGDAL" "system.time" 
"array" "getRasterData" "readGDAL" "system.time" 
"array" "getRasterData" "readGDAL" "system.time" 
"getRasterData" "readGDAL" "system.time" 
"gc" "GDAL.close" "readGDAL" "system.time" 
"gc" "GDAL.close" "readGDAL" "system.time" 
"data.frame" "eval" "eval" "as.data.frame.list" "as.data.frame" "data.frame" "SpatialGridDataFrame" "readGDAL" "system.time" 
"slot<-" "SpatialGridDataFrame" "readGDAL" "system.time" 
".Call" "getRasterData" "readGDAL" "system.time" 
".Call" "getRasterData" "readGDAL" "system.time" 
".Call" "getRasterData" "readGDAL" "system.time" 
"gc" "GDAL.close" "readGDAL" "system.time" 
"gc" "GDAL.close" "readGDAL" "system.time" 
"eval" "as.data.frame.list" "as.data.frame" "data.frame" "SpatialGridDataFrame" "readGDAL" "system.time" 
"lazyLoadDBfetch" "print" 
